[0.340s] Invoking command in '/home/rokey/Rokey_isaac-sim/main_isaac/robots/iw_hub/src/iw_hub_movement': PYTHONPATH=/home/rokey/Rokey_isaac-sim/main_isaac/robots/iw_hub/build/iw_hub_movement/prefix_override:/usr/lib/python3/dist-packages/colcon_core/task/python/colcon_distutils_commands:/home/rokey/Rokey_isaac-sim/main_isaac/robots/iw_hub/install/iw_hub_movement/lib/python3.10/site-packages:${PYTHONPATH} /usr/bin/python3 -W ignore:setup.py install is deprecated -W ignore:easy_install command is deprecated setup.py egg_info --egg-base ../../build/iw_hub_movement build --build-base /home/rokey/Rokey_isaac-sim/main_isaac/robots/iw_hub/build/iw_hub_movement/build install --record /home/rokey/Rokey_isaac-sim/main_isaac/robots/iw_hub/build/iw_hub_movement/install.log --single-version-externally-managed install_data
[0.454s] running egg_info
[0.454s] creating ../../build/iw_hub_movement/iw_hub_movement.egg-info
[0.454s] writing ../../build/iw_hub_movement/iw_hub_movement.egg-info/PKG-INFO
[0.454s] writing dependency_links to ../../build/iw_hub_movement/iw_hub_movement.egg-info/dependency_links.txt
[0.454s] writing entry points to ../../build/iw_hub_movement/iw_hub_movement.egg-info/entry_points.txt
[0.454s] writing requirements to ../../build/iw_hub_movement/iw_hub_movement.egg-info/requires.txt
[0.454s] writing top-level names to ../../build/iw_hub_movement/iw_hub_movement.egg-info/top_level.txt
[0.454s] writing manifest file '../../build/iw_hub_movement/iw_hub_movement.egg-info/SOURCES.txt'
[0.455s] reading manifest file '../../build/iw_hub_movement/iw_hub_movement.egg-info/SOURCES.txt'
[0.455s] writing manifest file '../../build/iw_hub_movement/iw_hub_movement.egg-info/SOURCES.txt'
[0.455s] running build
[0.455s] running build_py
[0.455s] creating /home/rokey/Rokey_isaac-sim/main_isaac/robots/iw_hub/build/iw_hub_movement/build
[0.455s] creating /home/rokey/Rokey_isaac-sim/main_isaac/robots/iw_hub/build/iw_hub_movement/build/lib
[0.455s] creating /home/rokey/Rokey_isaac-sim/main_isaac/robots/iw_hub/build/iw_hub_movement/build/lib/iw_hub_movement
[0.455s] copying iw_hub_movement/models.py -> /home/rokey/Rokey_isaac-sim/main_isaac/robots/iw_hub/build/iw_hub_movement/build/lib/iw_hub_movement
[0.455s] copying iw_hub_movement/__init__.py -> /home/rokey/Rokey_isaac-sim/main_isaac/robots/iw_hub/build/iw_hub_movement/build/lib/iw_hub_movement
[0.455s] copying iw_hub_movement/axis_nav.py -> /home/rokey/Rokey_isaac-sim/main_isaac/robots/iw_hub/build/iw_hub_movement/build/lib/iw_hub_movement
[0.455s] copying iw_hub_movement/move_to_point.py -> /home/rokey/Rokey_isaac-sim/main_isaac/robots/iw_hub/build/iw_hub_movement/build/lib/iw_hub_movement
[0.455s] running install
[0.455s] running install_lib
[0.456s] creating /home/rokey/Rokey_isaac-sim/main_isaac/robots/iw_hub/install/iw_hub_movement/lib/python3.10/site-packages/iw_hub_movement
[0.456s] copying /home/rokey/Rokey_isaac-sim/main_isaac/robots/iw_hub/build/iw_hub_movement/build/lib/iw_hub_movement/models.py -> /home/rokey/Rokey_isaac-sim/main_isaac/robots/iw_hub/install/iw_hub_movement/lib/python3.10/site-packages/iw_hub_movement
[0.456s] copying /home/rokey/Rokey_isaac-sim/main_isaac/robots/iw_hub/build/iw_hub_movement/build/lib/iw_hub_movement/__init__.py -> /home/rokey/Rokey_isaac-sim/main_isaac/robots/iw_hub/install/iw_hub_movement/lib/python3.10/site-packages/iw_hub_movement
[0.456s] copying /home/rokey/Rokey_isaac-sim/main_isaac/robots/iw_hub/build/iw_hub_movement/build/lib/iw_hub_movement/axis_nav.py -> /home/rokey/Rokey_isaac-sim/main_isaac/robots/iw_hub/install/iw_hub_movement/lib/python3.10/site-packages/iw_hub_movement
[0.456s] copying /home/rokey/Rokey_isaac-sim/main_isaac/robots/iw_hub/build/iw_hub_movement/build/lib/iw_hub_movement/move_to_point.py -> /home/rokey/Rokey_isaac-sim/main_isaac/robots/iw_hub/install/iw_hub_movement/lib/python3.10/site-packages/iw_hub_movement
[0.458s] byte-compiling /home/rokey/Rokey_isaac-sim/main_isaac/robots/iw_hub/install/iw_hub_movement/lib/python3.10/site-packages/iw_hub_movement/models.py to models.cpython-310.pyc
[0.458s] byte-compiling /home/rokey/Rokey_isaac-sim/main_isaac/robots/iw_hub/install/iw_hub_movement/lib/python3.10/site-packages/iw_hub_movement/__init__.py to __init__.cpython-310.pyc
[0.458s] byte-compiling /home/rokey/Rokey_isaac-sim/main_isaac/robots/iw_hub/install/iw_hub_movement/lib/python3.10/site-packages/iw_hub_movement/axis_nav.py to axis_nav.cpython-310.pyc
[0.458s] byte-compiling /home/rokey/Rokey_isaac-sim/main_isaac/robots/iw_hub/install/iw_hub_movement/lib/python3.10/site-packages/iw_hub_movement/move_to_point.py to move_to_point.cpython-310.pyc
[0.458s] running install_data
[0.458s] creating /home/rokey/Rokey_isaac-sim/main_isaac/robots/iw_hub/install/iw_hub_movement/share/ament_index
[0.458s] creating /home/rokey/Rokey_isaac-sim/main_isaac/robots/iw_hub/install/iw_hub_movement/share/ament_index/resource_index
[0.458s] creating /home/rokey/Rokey_isaac-sim/main_isaac/robots/iw_hub/install/iw_hub_movement/share/ament_index/resource_index/packages
[0.458s] copying resource/iw_hub_movement -> /home/rokey/Rokey_isaac-sim/main_isaac/robots/iw_hub/install/iw_hub_movement/share/ament_index/resource_index/packages
[0.458s] copying package.xml -> /home/rokey/Rokey_isaac-sim/main_isaac/robots/iw_hub/install/iw_hub_movement/share/iw_hub_movement
[0.458s] creating /home/rokey/Rokey_isaac-sim/main_isaac/robots/iw_hub/install/iw_hub_movement/share/iw_hub_movement/launch
[0.458s] copying launch/iw_hub.launch.py -> /home/rokey/Rokey_isaac-sim/main_isaac/robots/iw_hub/install/iw_hub_movement/share/iw_hub_movement/launch
[0.458s] running install_egg_info
[0.459s] Copying ../../build/iw_hub_movement/iw_hub_movement.egg-info to /home/rokey/Rokey_isaac-sim/main_isaac/robots/iw_hub/install/iw_hub_movement/lib/python3.10/site-packages/iw_hub_movement-0.1.0-py3.10.egg-info
[0.459s] running install_scripts
[0.469s] Installing axis_nav script to /home/rokey/Rokey_isaac-sim/main_isaac/robots/iw_hub/install/iw_hub_movement/lib/iw_hub_movement
[0.469s] Installing move_to_point script to /home/rokey/Rokey_isaac-sim/main_isaac/robots/iw_hub/install/iw_hub_movement/lib/iw_hub_movement
[0.469s] writing list of installed files to '/home/rokey/Rokey_isaac-sim/main_isaac/robots/iw_hub/build/iw_hub_movement/install.log'
[0.481s] Invoked command in '/home/rokey/Rokey_isaac-sim/main_isaac/robots/iw_hub/src/iw_hub_movement' returned '0': PYTHONPATH=/home/rokey/Rokey_isaac-sim/main_isaac/robots/iw_hub/build/iw_hub_movement/prefix_override:/usr/lib/python3/dist-packages/colcon_core/task/python/colcon_distutils_commands:/home/rokey/Rokey_isaac-sim/main_isaac/robots/iw_hub/install/iw_hub_movement/lib/python3.10/site-packages:${PYTHONPATH} /usr/bin/python3 -W ignore:setup.py install is deprecated -W ignore:easy_install command is deprecated setup.py egg_info --egg-base ../../build/iw_hub_movement build --build-base /home/rokey/Rokey_isaac-sim/main_isaac/robots/iw_hub/build/iw_hub_movement/build install --record /home/rokey/Rokey_isaac-sim/main_isaac/robots/iw_hub/build/iw_hub_movement/install.log --single-version-externally-managed install_data
