/home/rokey/dev_ws/isaac_sim/src/Rokey_isaac-sim/main_isaac/robots/iw_hub/install/iw_hub_movement/lib/python3.10/site-packages/iw_hub_movement/__init__.py
/home/rokey/dev_ws/isaac_sim/src/Rokey_isaac-sim/main_isaac/robots/iw_hub/install/iw_hub_movement/lib/python3.10/site-packages/iw_hub_movement/axis_nav.py
/home/rokey/dev_ws/isaac_sim/src/Rokey_isaac-sim/main_isaac/robots/iw_hub/install/iw_hub_movement/lib/python3.10/site-packages/iw_hub_movement/move_to_point.py
/home/rokey/dev_ws/isaac_sim/src/Rokey_isaac-sim/main_isaac/robots/iw_hub/install/iw_hub_movement/lib/python3.10/site-packages/iw_hub_movement/models.py
/home/rokey/dev_ws/isaac_sim/src/Rokey_isaac-sim/main_isaac/robots/iw_hub/install/iw_hub_movement/lib/python3.10/site-packages/iw_hub_movement/__pycache__/__init__.cpython-310.pyc
/home/rokey/dev_ws/isaac_sim/src/Rokey_isaac-sim/main_isaac/robots/iw_hub/install/iw_hub_movement/lib/python3.10/site-packages/iw_hub_movement/__pycache__/axis_nav.cpython-310.pyc
/home/rokey/dev_ws/isaac_sim/src/Rokey_isaac-sim/main_isaac/robots/iw_hub/install/iw_hub_movement/lib/python3.10/site-packages/iw_hub_movement/__pycache__/move_to_point.cpython-310.pyc
/home/rokey/dev_ws/isaac_sim/src/Rokey_isaac-sim/main_isaac/robots/iw_hub/install/iw_hub_movement/lib/python3.10/site-packages/iw_hub_movement/__pycache__/models.cpython-310.pyc
/home/rokey/dev_ws/isaac_sim/src/Rokey_isaac-sim/main_isaac/robots/iw_hub/install/iw_hub_movement/share/ament_index/resource_index/packages/iw_hub_movement
/home/rokey/dev_ws/isaac_sim/src/Rokey_isaac-sim/main_isaac/robots/iw_hub/install/iw_hub_movement/share/iw_hub_movement/package.xml
/home/rokey/dev_ws/isaac_sim/src/Rokey_isaac-sim/main_isaac/robots/iw_hub/install/iw_hub_movement/share/iw_hub_movement/launch/iw_hub.launch.py
/home/rokey/dev_ws/isaac_sim/src/Rokey_isaac-sim/main_isaac/robots/iw_hub/install/iw_hub_movement/lib/python3.10/site-packages/iw_hub_movement-0.1.0-py3.10.egg-info/zip-safe
/home/rokey/dev_ws/isaac_sim/src/Rokey_isaac-sim/main_isaac/robots/iw_hub/install/iw_hub_movement/lib/python3.10/site-packages/iw_hub_movement-0.1.0-py3.10.egg-info/requires.txt
/home/rokey/dev_ws/isaac_sim/src/Rokey_isaac-sim/main_isaac/robots/iw_hub/install/iw_hub_movement/lib/python3.10/site-packages/iw_hub_movement-0.1.0-py3.10.egg-info/SOURCES.txt
/home/rokey/dev_ws/isaac_sim/src/Rokey_isaac-sim/main_isaac/robots/iw_hub/install/iw_hub_movement/lib/python3.10/site-packages/iw_hub_movement-0.1.0-py3.10.egg-info/entry_points.txt
/home/rokey/dev_ws/isaac_sim/src/Rokey_isaac-sim/main_isaac/robots/iw_hub/install/iw_hub_movement/lib/python3.10/site-packages/iw_hub_movement-0.1.0-py3.10.egg-info/top_level.txt
/home/rokey/dev_ws/isaac_sim/src/Rokey_isaac-sim/main_isaac/robots/iw_hub/install/iw_hub_movement/lib/python3.10/site-packages/iw_hub_movement-0.1.0-py3.10.egg-info/PKG-INFO
/home/rokey/dev_ws/isaac_sim/src/Rokey_isaac-sim/main_isaac/robots/iw_hub/install/iw_hub_movement/lib/python3.10/site-packages/iw_hub_movement-0.1.0-py3.10.egg-info/dependency_links.txt
/home/rokey/dev_ws/isaac_sim/src/Rokey_isaac-sim/main_isaac/robots/iw_hub/install/iw_hub_movement/lib/iw_hub_movement/axis_nav
/home/rokey/dev_ws/isaac_sim/src/Rokey_isaac-sim/main_isaac/robots/iw_hub/install/iw_hub_movement/lib/iw_hub_movement/move_to_point
