[0.315s] Invoking command in '/home/rokey/Rokey_isaac-sim/main_isaac/robots/iw_hub/src/iw_hub_movement': PYTHONPATH=/home/rokey/Rokey_isaac-sim/main_isaac/robots/iw_hub/build/iw_hub_movement/prefix_override:/usr/lib/python3/dist-packages/colcon_core/task/python/colcon_distutils_commands:/home/rokey/Rokey_isaac-sim/main_isaac/robots/iw_hub/install/iw_hub_movement/lib/python3.10/site-packages:${PYTHONPATH} /usr/bin/python3 -W ignore:setup.py install is deprecated -W ignore:easy_install command is deprecated setup.py egg_info --egg-base ../../build/iw_hub_movement build --build-base /home/rokey/Rokey_isaac-sim/main_isaac/robots/iw_hub/build/iw_hub_movement/build install --record /home/rokey/Rokey_isaac-sim/main_isaac/robots/iw_hub/build/iw_hub_movement/install.log --single-version-externally-managed install_data
[0.401s] running egg_info
[0.401s] writing ../../build/iw_hub_movement/iw_hub_movement.egg-info/PKG-INFO
[0.401s] writing dependency_links to ../../build/iw_hub_movement/iw_hub_movement.egg-info/dependency_links.txt
[0.401s] writing entry points to ../../build/iw_hub_movement/iw_hub_movement.egg-info/entry_points.txt
[0.401s] writing requirements to ../../build/iw_hub_movement/iw_hub_movement.egg-info/requires.txt
[0.401s] writing top-level names to ../../build/iw_hub_movement/iw_hub_movement.egg-info/top_level.txt
[0.402s] reading manifest file '../../build/iw_hub_movement/iw_hub_movement.egg-info/SOURCES.txt'
[0.402s] writing manifest file '../../build/iw_hub_movement/iw_hub_movement.egg-info/SOURCES.txt'
[0.402s] running build
[0.402s] running build_py
[0.402s] copying iw_hub_movement/axis_nav.py -> /home/rokey/Rokey_isaac-sim/main_isaac/robots/iw_hub/build/iw_hub_movement/build/lib/iw_hub_movement
[0.402s] copying iw_hub_movement/manual_console.py -> /home/rokey/Rokey_isaac-sim/main_isaac/robots/iw_hub/build/iw_hub_movement/build/lib/iw_hub_movement
[0.402s] copying iw_hub_movement/move_to_point.py -> /home/rokey/Rokey_isaac-sim/main_isaac/robots/iw_hub/build/iw_hub_movement/build/lib/iw_hub_movement
[0.402s] running install
[0.402s] running install_lib
[0.403s] copying /home/rokey/Rokey_isaac-sim/main_isaac/robots/iw_hub/build/iw_hub_movement/build/lib/iw_hub_movement/axis_nav.py -> /home/rokey/Rokey_isaac-sim/main_isaac/robots/iw_hub/install/iw_hub_movement/lib/python3.10/site-packages/iw_hub_movement
[0.403s] copying /home/rokey/Rokey_isaac-sim/main_isaac/robots/iw_hub/build/iw_hub_movement/build/lib/iw_hub_movement/manual_console.py -> /home/rokey/Rokey_isaac-sim/main_isaac/robots/iw_hub/install/iw_hub_movement/lib/python3.10/site-packages/iw_hub_movement
[0.403s] copying /home/rokey/Rokey_isaac-sim/main_isaac/robots/iw_hub/build/iw_hub_movement/build/lib/iw_hub_movement/move_to_point.py -> /home/rokey/Rokey_isaac-sim/main_isaac/robots/iw_hub/install/iw_hub_movement/lib/python3.10/site-packages/iw_hub_movement
[0.403s] byte-compiling /home/rokey/Rokey_isaac-sim/main_isaac/robots/iw_hub/install/iw_hub_movement/lib/python3.10/site-packages/iw_hub_movement/axis_nav.py to axis_nav.cpython-310.pyc
[0.403s] byte-compiling /home/rokey/Rokey_isaac-sim/main_isaac/robots/iw_hub/install/iw_hub_movement/lib/python3.10/site-packages/iw_hub_movement/manual_console.py to manual_console.cpython-310.pyc
[0.405s] byte-compiling /home/rokey/Rokey_isaac-sim/main_isaac/robots/iw_hub/install/iw_hub_movement/lib/python3.10/site-packages/iw_hub_movement/move_to_point.py to move_to_point.cpython-310.pyc
[0.405s] running install_data
[0.405s] running install_egg_info
[0.406s] removing '/home/rokey/Rokey_isaac-sim/main_isaac/robots/iw_hub/install/iw_hub_movement/lib/python3.10/site-packages/iw_hub_movement-0.1.0-py3.10.egg-info' (and everything under it)
[0.407s] Copying ../../build/iw_hub_movement/iw_hub_movement.egg-info to /home/rokey/Rokey_isaac-sim/main_isaac/robots/iw_hub/install/iw_hub_movement/lib/python3.10/site-packages/iw_hub_movement-0.1.0-py3.10.egg-info
[0.407s] running install_scripts
[0.416s] Installing axis_nav script to /home/rokey/Rokey_isaac-sim/main_isaac/robots/iw_hub/install/iw_hub_movement/lib/iw_hub_movement
[0.416s] Installing manual_console script to /home/rokey/Rokey_isaac-sim/main_isaac/robots/iw_hub/install/iw_hub_movement/lib/iw_hub_movement
[0.416s] Installing move_to_point script to /home/rokey/Rokey_isaac-sim/main_isaac/robots/iw_hub/install/iw_hub_movement/lib/iw_hub_movement
[0.417s] writing list of installed files to '/home/rokey/Rokey_isaac-sim/main_isaac/robots/iw_hub/build/iw_hub_movement/install.log'
[0.426s] Invoked command in '/home/rokey/Rokey_isaac-sim/main_isaac/robots/iw_hub/src/iw_hub_movement' returned '0': PYTHONPATH=/home/rokey/Rokey_isaac-sim/main_isaac/robots/iw_hub/build/iw_hub_movement/prefix_override:/usr/lib/python3/dist-packages/colcon_core/task/python/colcon_distutils_commands:/home/rokey/Rokey_isaac-sim/main_isaac/robots/iw_hub/install/iw_hub_movement/lib/python3.10/site-packages:${PYTHONPATH} /usr/bin/python3 -W ignore:setup.py install is deprecated -W ignore:easy_install command is deprecated setup.py egg_info --egg-base ../../build/iw_hub_movement build --build-base /home/rokey/Rokey_isaac-sim/main_isaac/robots/iw_hub/build/iw_hub_movement/build install --record /home/rokey/Rokey_isaac-sim/main_isaac/robots/iw_hub/build/iw_hub_movement/install.log --single-version-externally-managed install_data
